<?xml version="1.0" encoding="UTF-8"?>
<testng-results ignored="0" total="1" passed="1" failed="0" skipped="0">
  <reporter-output>
  </reporter-output>
  <suite started-at="2024-03-06T18:21:32 IST" name="Default suite" finished-at="2024-03-06T18:21:57 IST" duration-ms="24928">
    <groups>
    </groups>
    <test started-at="2024-03-06T18:21:32 IST" name="Default test" finished-at="2024-03-06T18:21:57 IST" duration-ms="24928">
      <class name="testcases.LoginTest">
        <test-method is-config="true" signature="setUp()[pri:0, instance:testcases.LoginTest@78e117e3]" started-at="2024-03-06T18:21:32 IST" name="setUp" finished-at="2024-03-06T18:21:36 IST" duration-ms="4713" status="PASS">
          <reporter-output>
          </reporter-output>
        </test-method> <!-- setUp -->
        <test-method signature="LoginAndFileUploadTest()[pri:0, instance:testcases.LoginTest@78e117e3]" started-at="2024-03-06T18:21:36 IST" name="LoginAndFileUploadTest" finished-at="2024-03-06T18:21:56 IST" duration-ms="19721" status="PASS">
          <reporter-output>
          </reporter-output>
        </test-method> <!-- LoginAndFileUploadTest -->
        <test-method is-config="true" signature="tearDown()[pri:0, instance:testcases.LoginTest@78e117e3]" started-at="2024-03-06T18:21:56 IST" name="tearDown" finished-at="2024-03-06T18:21:57 IST" duration-ms="423" status="PASS">
          <reporter-output>
          </reporter-output>
        </test-method> <!-- tearDown -->
      </class> <!-- testcases.LoginTest -->
    </test> <!-- Default test -->
  </suite> <!-- Default suite -->
</testng-results>
